{
	"start": "2021-01-22T16:04:00.575Z",
	"listenerAdress": "QNQGyQs75G2wrdkVhQAVztoU9Ma6EQe1a8",
	"trade": {
		"tokenId": 4,
		"tokenId_wanted": 5,
		"amount": "6",
		"amount_wanted": "9"
	},
	"end": "2021-01-22T16:04:01.128Z",
	"result": "db8c9fea097111c3c05639b0133327cc568cd6598b3d78a3e3906d199f9ebf34",
	"duration": 553
}{
	"start": "2021-01-22T16:04:21.251Z",
	"listenerAdress": "QNQGyQs75G2wrdkVhQAVztoU9Ma6EQe1a8",
	"trade": {
		"tokenId": 4,
		"tokenId_wanted": 5,
		"amount": "58",
		"amount_wanted": "9"
	},
	"end": "2021-01-22T16:04:21.762Z",
	"result": "445b3c3393775feac31009051705b5f546ba6632e75c97ba993ddf4e599a4c70",
	"duration": 511
}{
	"start": "2021-01-22T16:04:24.019Z",
	"listenerAdress": "QNQGyQs75G2wrdkVhQAVztoU9Ma6EQe1a8",
	"trade": {
		"tokenId": 4,
		"tokenId_wanted": 5,
		"amount": "58",
		"amount_wanted": "9"
	},
	"end": "2021-01-22T16:04:24.525Z",
	"result": "9719971506f47aaf261ffab321a6c32a2a1565f2149e2cd0288a8500adeb373d",
	"duration": 506
}{
	"start": "2021-01-22T16:04:25.304Z",
	"listenerAdress": "QNQGyQs75G2wrdkVhQAVztoU9Ma6EQe1a8",
	"trade": {
		"tokenId": 4,
		"tokenId_wanted": 5,
		"amount": "58",
		"amount_wanted": "9"
	},
	"end": "2021-01-22T16:04:25.821Z",
	"result": "362279803c6b19cdc971bd63be240608d1a5a4b91bdd7e2e8ee2c3f28b6d220e",
	"duration": 517
}{
	"start": "2021-01-22T16:04:26.455Z",
	"listenerAdress": "QNQGyQs75G2wrdkVhQAVztoU9Ma6EQe1a8",
	"trade": {
		"tokenId": 4,
		"tokenId_wanted": 5,
		"amount": "58",
		"amount_wanted": "9"
	},
	"end": "2021-01-22T16:04:26.946Z",
	"result": "ce14b633ca92fb3a0a6efd6f486536b265a725c46d76780b0c64405f8c24b583",
	"duration": 491
}{
	"start": "2021-01-22T16:04:27.590Z",
	"listenerAdress": "QNQGyQs75G2wrdkVhQAVztoU9Ma6EQe1a8",
	"trade": {
		"tokenId": 4,
		"tokenId_wanted": 5,
		"amount": "58",
		"amount_wanted": "9"
	},
	"end": "2021-01-22T16:04:28.102Z",
	"result": "1c195627fd3d022a26acf7bb4dbfc1f9f90e281861117e5cdeaaebdf1b874620",
	"duration": 512
}{
	"start": "2021-01-22T16:04:28.758Z",
	"listenerAdress": "QNQGyQs75G2wrdkVhQAVztoU9Ma6EQe1a8",
	"trade": {
		"tokenId": 4,
		"tokenId_wanted": 5,
		"amount": "58",
		"amount_wanted": "9"
	},
	"end": "2021-01-22T16:04:29.267Z",
	"result": "46995c0688364fb0056d1db51f146f858cbdf50c9c7ae389e8c32308a3d8240b",
	"duration": 509
}{
	"start": "2021-01-22T16:04:52.050Z",
	"listenerAdress": "QNQGyQs75G2wrdkVhQAVztoU9Ma6EQe1a8",
	"trade": {
		"tokenId": 4,
		"tokenId_wanted": 5,
		"amount": "58",
		"amount_wanted": "8"
	},
	"end": "2021-01-22T16:04:52.866Z",
	"result": "a2cd8cd0c85332eb8d0d4a20820dbb93102745b3a254df4837e7129c3baa734a",
	"duration": 816
}{
	"start": "2021-01-22T16:04:57.591Z",
	"listenerAdress": "QNQGyQs75G2wrdkVhQAVztoU9Ma6EQe1a8",
	"trade": {
		"tokenId": 4,
		"tokenId_wanted": 5,
		"amount": "58",
		"amount_wanted": "8"
	},
	"end": "2021-01-22T16:04:58.209Z",
	"result": "a6abb7b3ab6d7dec4bf318a5687e51aaad737ecff08e7059b9914f446ee8ea4f",
	"duration": 618
}{
	"start": "2021-01-22T16:06:05.588Z",
	"listenerAdress": "QNQGyQs75G2wrdkVhQAVztoU9Ma6EQe1a8",
	"trade": {
		"tokenId": 5,
		"tokenId_wanted": 4,
		"amount": "2",
		"amount_wanted": "5"
	},
	"end": "2021-01-22T16:06:06.129Z",
	"result": "0477a4428f31dc8dca2b8c74c04073f24e323f58850bd9d0559b241686050460",
	"duration": 541
}{
	"start": "2021-01-27T14:54:08.266Z",
	"listenerAdress": "QNQGyQs75G2wrdkVhQAVztoU9Ma6EQe1a8",
	"trade": {
		"tokenId": 4,
		"tokenId_wanted": 5,
		"amount": "0.002",
		"amount_wanted": "0.001"
	},
	"end": "2021-01-27T14:54:08.984Z",
	"result": {
		"data": "6dd8b3aad0201b7d3fcf5f9ab16efd8cd672996ecffa492ee38157e7bf1d1a86"
	},
	"duration": 718
}{
	"start": "2021-01-27T14:55:57.539Z",
	"listenerAdress": "QNQGyQs75G2wrdkVhQAVztoU9Ma6EQe1a8",
	"trade": {
		"tokenId": 5,
		"tokenId_wanted": 4,
		"amount": "0.01",
		"amount_wanted": "0.002"
	},
	"end": "2021-01-27T14:58:53.252Z",
	"result": {
		"data": "1a3f5fbeee7f91891f117c2cc84886c4250704467d8c8ad7e96026d14cf51669"
	},
	"duration": 175713
}{
	"start": "2021-01-27T15:03:35.482Z",
	"listenerAdress": "QNQGyQs75G2wrdkVhQAVztoU9Ma6EQe1a8",
	"trade": {
		"tokenId": 5,
		"tokenId_wanted": 4,
		"amount": "0.01",
		"amount_wanted": "0.002"
	},
	"end": "2021-01-27T15:07:26.302Z",
	"result": {
		"data": "f95eaea1285a66fa1f3900c36ca1ee77eb81466067f7578c24d73f8f127d2266"
	},
	"duration": 230820
}{
	"start": "2021-01-27T15:17:27.434Z",
	"listenerAdress": "QNQGyQs75G2wrdkVhQAVztoU9Ma6EQe1a8",
	"trade": {
		"tokenId": 4,
		"tokenId_wanted": 5,
		"amount": "0.001",
		"amount_wanted": "0.023"
	},
	"end": "2021-01-27T15:17:43.090Z",
	"result": {
		"data": "091a306475a638f2b49ad52ba394fe7fcf0ab848a6e4684dff498f0f67a4b5cf"
	},
	"duration": 15656
}{
	"start": "2021-01-27T15:28:38.972Z",
	"listenerAdress": "QNQGyQs75G2wrdkVhQAVztoU9Ma6EQe1a8",
	"trade": {
		"tokenId": 4,
		"tokenId_wanted": 5,
		"amount": "0.001",
		"amount_wanted": "0.023"
	},
	"end": "2021-01-27T15:31:39.940Z",
	"result": {
		"data": "52206fddb25781f35ecc51fe9352d83b80732cda38adb7c2ac05974e19052f40"
	},
	"duration": 180968
}{
	"start": "2021-01-27T15:45:20.165Z",
	"listenerAdress": "QNQGyQs75G2wrdkVhQAVztoU9Ma6EQe1a8",
	"trade": {
		"tokenId": 4,
		"tokenId_wanted": 5,
		"amount": "0.001",
		"amount_wanted": "0.023"
	},
	"end": "2021-01-27T15:46:46.107Z",
	"result": {
		"data": "417fc81c4695a90ca7f1bf6fa052478d866edd55aaaee47a970a9b24dcec566d"
	},
	"duration": 85942
}{
	"start": "2021-01-29T11:12:43.891Z",
	"listenerAdress": "QNQGyQs75G2wrdkVhQAVztoU9Ma6EQe1a8",
	"trade": {
		"tokenId": 5,
		"tokenId_wanted": 4,
		"amount": "2",
		"amount_wanted": "1"
	},
	"end": "2021-01-29T11:15:39.632Z",
	"result": {
		"data": "e5c44b1c5217d2760ba2e49dcb6a48731c7be808ae0eb5e945083104366660e2"
	},
	"duration": 175741
}{
	"start": "2021-01-29T11:28:22.694Z",
	"listenerAdress": "QNQGyQs75G2wrdkVhQAVztoU9Ma6EQe1a8",
	"trade": {
		"tokenId": 4,
		"tokenId_wanted": 5,
		"amount": "0.2",
		"amount_wanted": "0.2"
	},
	"end": "2021-01-29T11:29:58.528Z",
	"result": {
		"data": "2e01384a853df6cca851c61d06b31d484b74d5e8fe26280a19dcc3f7690b12ca"
	},
	"duration": 95834
}{
	"start": "2021-01-29T11:56:39.093Z",
	"listenerAdress": "QNQGyQs75G2wrdkVhQAVztoU9Ma6EQe1a8",
	"trade": {
		"tokenId": 5,
		"tokenId_wanted": 4,
		"amount": "0.2",
		"amount_wanted": "0.2"
	},
	"end": "2021-01-29T11:57:14.832Z",
	"result": {
		"data": "2c99fea2548498ff5691cbf1ef8f4e410c154d61a81c15d4a56e963028de83fb"
	},
	"duration": 35739
}{
	"start": "2021-01-29T11:59:54.445Z",
	"listenerAdress": "QNQGyQs75G2wrdkVhQAVztoU9Ma6EQe1a8",
	"trade": {
		"tokenId": 5,
		"tokenId_wanted": 4,
		"amount": "0.2",
		"amount_wanted": "0.2"
	},
	"end": "2021-01-29T12:00:55.111Z",
	"result": {
		"data": "5651939b1de559f382e45b50a69451935d2cfa8a3f0523cef092b9e94648049f"
	},
	"duration": 60666
}{
	"start": "2021-01-29T12:05:48.796Z",
	"listenerAdress": "QNQGyQs75G2wrdkVhQAVztoU9Ma6EQe1a8",
	"trade": {
		"tokenId": 5,
		"tokenId_wanted": 4,
		"amount": "0.002",
		"amount_wanted": "0.2"
	},
	"end": "2021-01-29T12:07:59.529Z",
	"result": {
		"data": "eaa5bb140ab4cace73c437b9bfeeababf465aac94c1c62de4e4febf15c0e5fcc"
	},
	"duration": 130733
}{
	"start": "2021-01-29T12:09:21.415Z",
	"listenerAdress": "QNQGyQs75G2wrdkVhQAVztoU9Ma6EQe1a8",
	"trade": {
		"tokenId": 4,
		"tokenId_wanted": 5,
		"amount": "0.002",
		"amount_wanted": "0.2"
	},
	"end": "2021-01-29T12:10:12.168Z",
	"result": {
		"data": "0c21d8fb6de208295b4bc2bd94443552e03ffef86980e01064adbe71676c2acc"
	},
	"duration": 50753
}{
	"start": "2021-01-29T12:11:11.829Z",
	"listenerAdress": "QNQGyQs75G2wrdkVhQAVztoU9Ma6EQe1a8",
	"trade": {
		"tokenId": 4,
		"tokenId_wanted": 5,
		"amount": "0.02",
		"amount_wanted": "0.02"
	},
	"end": "2021-01-29T12:12:22.552Z",
	"result": {
		"data": "9b9d98b042ac5d9513cd2681b7fd49c6f8ae6857c8192cd26964ec9f4979209f"
	},
	"duration": 70723
}{
	"start": "2021-01-29T12:37:03.078Z",
	"listenerAdress": "QNQGyQs75G2wrdkVhQAVztoU9Ma6EQe1a8",
	"trade": {
		"tokenId": 4,
		"tokenId_wanted": 5,
		"amount": "0.002",
		"amount_wanted": "0.015"
	},
	"end": "2021-01-29T12:38:08.821Z",
	"result": {
		"data": "cf14959445296926e08a4b43ced21538bbfda1d8489ab0b6df9e860956a35c0b"
	},
	"duration": 65743
}{
	"start": "2021-01-29T12:41:10.123Z",
	"listenerAdress": "QNQGyQs75G2wrdkVhQAVztoU9Ma6EQe1a8",
	"trade": {
		"tokenId": 4,
		"tokenId_wanted": 5,
		"amount": "0.005",
		"amount_wanted": "0.045"
	},
	"end": "2021-01-29T12:45:01.710Z",
	"result": {
		"data": "96708d263f97007d4f3a702c48b526cb6b0a2567f08182a89963bcc3fc1cc17f"
	},
	"duration": 231587
}{
	"start": "2021-01-29T12:46:37.954Z",
	"listenerAdress": "QNQGyQs75G2wrdkVhQAVztoU9Ma6EQe1a8",
	"trade": {
		"tokenId": 4,
		"tokenId_wanted": 5,
		"amount": "0.005",
		"amount_wanted": "0.005"
	},
	"end": "2021-01-29T12:50:55.853Z",
	"result": {
		"data": "f2a462c23db2f73b95c5d5f094c379db7bb7273a821b5d6e9489e8712fa4fa31"
	},
	"duration": 257899
}{
	"start": "2021-01-29T12:57:00.809Z",
	"listenerAdress": "QNQGyQs75G2wrdkVhQAVztoU9Ma6EQe1a8",
	"trade": {
		"tokenId": 4,
		"tokenId_wanted": 5,
		"amount": "0.05",
		"amount_wanted": "0.5"
	},
	"end": "2021-01-29T12:58:16.531Z",
	"result": "c072f6a6f706b5777eab133c9cd5ce6a8dfb836db00538ebddf3b7fdb08523c0",
	"duration": 75722
}{
	"start": "2021-01-29T13:04:11.896Z",
	"listenerAdress": "QNQGyQs75G2wrdkVhQAVztoU9Ma6EQe1a8",
	"trade": {
		"tokenId": 4,
		"tokenId_wanted": 5,
		"amount": "0.2",
		"amount_wanted": "0.005"
	},
	"end": "2021-01-29T13:06:23.056Z",
	"result": "bfb99c89c498bebfe6e4877b03b79f12ea2fe7fbcdc928f266ed8d6975b85402",
	"duration": 131160
}{
	"start": "2021-01-29T13:09:56.320Z",
	"listenerAdress": "QNQGyQs75G2wrdkVhQAVztoU9Ma6EQe1a8",
	"trade": {
		"tokenId": 5,
		"tokenId_wanted": 4,
		"amount": "0.005",
		"amount_wanted": "0.2"
	},
	"end": "2021-01-29T13:12:22.043Z",
	"result": "93d04bd5ceff15c71668091c698c8f795c58f882577167197d91f1e79df88b67",
	"duration": 145723
}{
	"start": "2021-01-29T13:15:00.795Z",
	"listenerAdress": "QNQGyQs75G2wrdkVhQAVztoU9Ma6EQe1a8",
	"trade": {
		"tokenId": 4,
		"tokenId_wanted": 5,
		"amount": "0.5",
		"amount_wanted": "0.005"
	},
	"end": "2021-01-29T13:18:51.678Z",
	"result": "6b681fea5da5d104a3950ea04227fc5ca087be0dbced199e1078f4b38a82cef6",
	"duration": 230883
}{
	"start": "2021-01-29T13:28:12.621Z",
	"listenerAdress": "QNQGyQs75G2wrdkVhQAVztoU9Ma6EQe1a8",
	"trade": {
		"tokenId": 5,
		"tokenId_wanted": 4,
		"amount": "2",
		"amount_wanted": "1"
	},
	"end": "2021-01-29T13:29:08.396Z",
	"result": "aba7346f2b4da48f9a5e2a4a597aeeb2c6cd6a8e33e04e3a2666869df738f400",
	"duration": 55775
}